
6월 29, 2023 16:00:54.201 NEW SESSION
6월 29, 2023 16:00:54.202 [2452:12736:0629/160054.200:ERROR:device_event_log_impl.cc(222)] [16:00:54.200] Bluetooth: bluetooth_adapter_winrt.cc:1058 Getting Default Adapter failed.

7월 27, 2023 15:40:55.398 NEW SESSION
7월 27, 2023 15:40:55.398 [6216:908:0727/154055.397:ERROR:feature_processor_state.cc(39)] Processing error occured: model WebAppInstallationPromo failed with UkmEngineDisabled, message: 

8월 02, 2023 18:23:03.924 NEW SESSION
8월 02, 2023 18:23:03.924 [7784:8268:0802/182303.923:ERROR:feature_processor_state.cc(39)] Processing error occured: model WebAppInstallationPromo failed with UkmEngineDisabled, message: 

8월 03, 2023 09:11:46.511 NEW SESSION
8월 03, 2023 09:11:46.511 [7832:4696:0803/091146.510:ERROR:feature_processor_state.cc(39)] Processing error occured: model WebAppInstallationPromo failed with UkmEngineDisabled, message: 

8월 03, 2023 09:50:33.292 NEW SESSION
8월 03, 2023 09:50:33.292 [6900:4080:0803/095033.291:ERROR:feature_processor_state.cc(39)] Processing error occured: model WebAppInstallationPromo failed with UkmEngineDisabled, message: 
8월 03, 2023 09:52:16.829 [6900:4080:0803/095216.828:ERROR:interface_endpoint_client.cc(702)] Message 1 rejected by interface blink.mojom.WidgetHost
8월 03, 2023 09:52:18.977 [6900:4164:0803/095218.977:ERROR:cert_verify_proc_builtin.cc(701)] CertVerifyProcBuiltin for monitoring.kma.go.kr failed:
8월 03, 2023 09:52:18.978 ----- Certificate i=0 (CN=*.kma.go.kr) -----
8월 03, 2023 09:52:18.978 ERROR: Time is after notAfter
8월 03, 2023 09:52:18.978 
8월 03, 2023 09:52:18.978 
8월 03, 2023 10:00:29.790 [6900:4080:0803/100029.789:ERROR:page_load_metrics_update_dispatcher.cc(178)] Invalid first_paint 0.255 s for first_image_paint 0.24 s
8월 03, 2023 10:00:29.899 [6900:4080:0803/100029.898:ERROR:page_load_metrics_update_dispatcher.cc(178)] Invalid first_paint 0.255 s for first_image_paint 0.24 s
8월 03, 2023 10:00:30.198 [6900:4080:0803/100030.197:ERROR:page_load_metrics_update_dispatcher.cc(178)] Invalid first_paint 0.255 s for first_image_paint 0.24 s
8월 03, 2023 10:00:30.303 [6900:4080:0803/100030.302:ERROR:page_load_metrics_update_dispatcher.cc(178)] Invalid first_paint 0.255 s for first_image_paint 0.24 s
8월 03, 2023 10:00:30.404 [6900:4080:0803/100030.403:ERROR:page_load_metrics_update_dispatcher.cc(178)] Invalid first_paint 0.255 s for first_image_paint 0.24 s
8월 03, 2023 10:00:30.572 [6900:4080:0803/100030.571:ERROR:page_load_metrics_update_dispatcher.cc(178)] Invalid first_paint 0.255 s for first_image_paint 0.24 s
8월 03, 2023 10:00:31.203 [6900:4080:0803/100031.202:ERROR:page_load_metrics_update_dispatcher.cc(178)] Invalid first_paint 0.255 s for first_image_paint 0.24 s
8월 03, 2023 10:00:31.402 [6900:4080:0803/100031.401:ERROR:page_load_metrics_update_dispatcher.cc(178)] Invalid first_paint 0.255 s for first_image_paint 0.24 s
8월 03, 2023 10:00:32.32 [6900:4080:0803/100032.031:ERROR:page_load_metrics_update_dispatcher.cc(178)] Invalid first_paint 0.255 s for first_image_paint 0.24 s
8월 03, 2023 10:00:32.650 [6900:4080:0803/100032.650:ERROR:page_load_metrics_update_dispatcher.cc(178)] Invalid first_paint 0.255 s for first_image_paint 0.24 s
8월 03, 2023 10:00:32.883 [6900:4080:0803/100032.882:ERROR:page_load_metrics_update_dispatcher.cc(178)] Invalid first_paint 0.255 s for first_image_paint 0.24 s
8월 03, 2023 10:00:33.171 [6900:4080:0803/100033.171:ERROR:page_load_metrics_update_dispatcher.cc(178)] Invalid first_paint 0.255 s for first_image_paint 0.24 s
8월 03, 2023 10:01:02.556 [6900:4080:0803/100102.556:ERROR:page_load_metrics_update_dispatcher.cc(178)] Invalid first_paint 0.255 s for first_image_paint 0.24 s
8월 03, 2023 10:01:03.186 [6900:4080:0803/100103.185:ERROR:page_load_metrics_update_dispatcher.cc(178)] Invalid first_paint 0.255 s for first_image_paint 0.24 s
8월 03, 2023 10:01:07.507 [6900:4080:0803/100107.506:ERROR:page_load_metrics_update_dispatcher.cc(178)] Invalid first_paint 0.255 s for first_image_paint 0.24 s
8월 03, 2023 10:01:07.612 [6900:4080:0803/100107.612:ERROR:page_load_metrics_update_dispatcher.cc(178)] Invalid first_paint 0.255 s for first_image_paint 0.24 s
8월 03, 2023 10:01:24.312 [6900:4080:0803/100124.311:ERROR:page_load_metrics_update_dispatcher.cc(178)] Invalid first_paint 0.255 s for first_image_paint 0.24 s
8월 03, 2023 10:07:25.357 [6900:4080:0803/100725.357:ERROR:page_load_metrics_update_dispatcher.cc(178)] Invalid first_paint 0.255 s for first_image_paint 0.24 s
8월 03, 2023 10:07:25.470 [6900:4080:0803/100725.468:ERROR:page_load_metrics_update_dispatcher.cc(178)] Invalid first_paint 0.255 s for first_image_paint 0.24 s
8월 03, 2023 10:07:27.221 [6900:4080:0803/100727.219:ERROR:page_load_metrics_update_dispatcher.cc(178)] Invalid first_paint 0.255 s for first_image_paint 0.24 s
8월 03, 2023 10:07:28.734 [6900:4080:0803/100728.733:ERROR:page_load_metrics_update_dispatcher.cc(178)] Invalid first_paint 0.255 s for first_image_paint 0.24 s
8월 03, 2023 10:07:28.854 [6900:4080:0803/100728.853:ERROR:page_load_metrics_update_dispatcher.cc(178)] Invalid first_paint 0.255 s for first_image_paint 0.24 s
8월 03, 2023 10:07:28.980 [6900:4080:0803/100728.979:ERROR:page_load_metrics_update_dispatcher.cc(178)] Invalid first_paint 0.255 s for first_image_paint 0.24 s
8월 03, 2023 10:07:32.598 [6900:4080:0803/100732.597:ERROR:page_load_metrics_update_dispatcher.cc(178)] Invalid first_paint 0.255 s for first_image_paint 0.24 s
8월 03, 2023 10:07:33.883 [6900:4080:0803/100733.882:ERROR:page_load_metrics_update_dispatcher.cc(178)] Invalid first_paint 0.255 s for first_image_paint 0.24 s
8월 03, 2023 10:07:34.131 [6900:4080:0803/100734.130:ERROR:page_load_metrics_update_dispatcher.cc(178)] Invalid first_paint 0.255 s for first_image_paint 0.24 s
8월 03, 2023 10:07:37.988 [6900:4080:0803/100737.987:ERROR:page_load_metrics_update_dispatcher.cc(178)] Invalid first_paint 0.255 s for first_image_paint 0.24 s
8월 03, 2023 10:07:43.694 [6900:4080:0803/100743.692:ERROR:page_load_metrics_update_dispatcher.cc(178)] Invalid first_paint 0.255 s for first_image_paint 0.24 s
8월 03, 2023 10:07:49.26 [6900:4080:0803/100749.025:ERROR:page_load_metrics_update_dispatcher.cc(178)] Invalid first_paint 0.255 s for first_image_paint 0.24 s
8월 03, 2023 10:07:54.660 [6900:4080:0803/100754.659:ERROR:page_load_metrics_update_dispatcher.cc(178)] Invalid first_paint 0.255 s for first_image_paint 0.24 s
8월 03, 2023 10:07:59.924 [6900:4080:0803/100759.923:ERROR:page_load_metrics_update_dispatcher.cc(178)] Invalid first_paint 0.255 s for first_image_paint 0.24 s
8월 03, 2023 10:08:05.466 [6900:4080:0803/100805.465:ERROR:page_load_metrics_update_dispatcher.cc(178)] Invalid first_paint 0.255 s for first_image_paint 0.24 s
8월 03, 2023 10:08:10.665 [6900:4080:0803/100810.664:ERROR:page_load_metrics_update_dispatcher.cc(178)] Invalid first_paint 0.255 s for first_image_paint 0.24 s
8월 03, 2023 10:08:16.241 [6900:4080:0803/100816.240:ERROR:page_load_metrics_update_dispatcher.cc(178)] Invalid first_paint 0.255 s for first_image_paint 0.24 s
8월 03, 2023 10:08:21.458 [6900:4080:0803/100821.457:ERROR:page_load_metrics_update_dispatcher.cc(178)] Invalid first_paint 0.255 s for first_image_paint 0.24 s
8월 03, 2023 10:08:26.969 [6900:4080:0803/100826.968:ERROR:page_load_metrics_update_dispatcher.cc(178)] Invalid first_paint 0.255 s for first_image_paint 0.24 s
8월 03, 2023 10:08:32.292 [6900:4080:0803/100832.291:ERROR:page_load_metrics_update_dispatcher.cc(178)] Invalid first_paint 0.255 s for first_image_paint 0.24 s
8월 03, 2023 10:08:37.769 [6900:4080:0803/100837.767:ERROR:page_load_metrics_update_dispatcher.cc(178)] Invalid first_paint 0.255 s for first_image_paint 0.24 s
8월 03, 2023 10:08:43.382 [6900:4080:0803/100843.381:ERROR:page_load_metrics_update_dispatcher.cc(178)] Invalid first_paint 0.255 s for first_image_paint 0.24 s
8월 03, 2023 10:08:48.861 [6900:4080:0803/100848.860:ERROR:page_load_metrics_update_dispatcher.cc(178)] Invalid first_paint 0.255 s for first_image_paint 0.24 s
8월 03, 2023 10:08:54.492 [6900:4080:0803/100854.490:ERROR:page_load_metrics_update_dispatcher.cc(178)] Invalid first_paint 0.255 s for first_image_paint 0.24 s
8월 03, 2023 10:08:59.906 [6900:4080:0803/100859.905:ERROR:page_load_metrics_update_dispatcher.cc(178)] Invalid first_paint 0.255 s for first_image_paint 0.24 s
8월 03, 2023 10:09:05.464 [6900:4080:0803/100905.463:ERROR:page_load_metrics_update_dispatcher.cc(178)] Invalid first_paint 0.255 s for first_image_paint 0.24 s
8월 03, 2023 10:09:10.880 [6900:4080:0803/100910.879:ERROR:page_load_metrics_update_dispatcher.cc(178)] Invalid first_paint 0.255 s for first_image_paint 0.24 s
8월 03, 2023 10:09:16.489 [6900:4080:0803/100916.487:ERROR:page_load_metrics_update_dispatcher.cc(178)] Invalid first_paint 0.255 s for first_image_paint 0.24 s
8월 03, 2023 10:09:21.905 [6900:4080:0803/100921.904:ERROR:page_load_metrics_update_dispatcher.cc(178)] Invalid first_paint 0.255 s for first_image_paint 0.24 s
8월 03, 2023 10:09:27.447 [6900:4080:0803/100927.445:ERROR:page_load_metrics_update_dispatcher.cc(178)] Invalid first_paint 0.255 s for first_image_paint 0.24 s
8월 03, 2023 10:09:32.747 [6900:4080:0803/100932.746:ERROR:page_load_metrics_update_dispatcher.cc(178)] Invalid first_paint 0.255 s for first_image_paint 0.24 s
8월 03, 2023 10:09:38.534 [6900:4080:0803/100938.533:ERROR:page_load_metrics_update_dispatcher.cc(178)] Invalid first_paint 0.255 s for first_image_paint 0.24 s
8월 03, 2023 10:09:44.283 [6900:4080:0803/100944.282:ERROR:page_load_metrics_update_dispatcher.cc(178)] Invalid first_paint 0.255 s for first_image_paint 0.24 s
8월 03, 2023 10:09:49.553 [6900:4080:0803/100949.551:ERROR:page_load_metrics_update_dispatcher.cc(178)] Invalid first_paint 0.255 s for first_image_paint 0.24 s
8월 03, 2023 10:09:55.277 [6900:4080:0803/100955.276:ERROR:page_load_metrics_update_dispatcher.cc(178)] Invalid first_paint 0.255 s for first_image_paint 0.24 s
8월 03, 2023 10:10:00.891 [6900:4080:0803/101000.890:ERROR:page_load_metrics_update_dispatcher.cc(178)] Invalid first_paint 0.255 s for first_image_paint 0.24 s
8월 03, 2023 10:10:06.684 [6900:4080:0803/101006.683:ERROR:page_load_metrics_update_dispatcher.cc(178)] Invalid first_paint 0.255 s for first_image_paint 0.24 s
8월 03, 2023 10:10:12.157 [6900:4080:0803/101012.155:ERROR:page_load_metrics_update_dispatcher.cc(178)] Invalid first_paint 0.255 s for first_image_paint 0.24 s
8월 03, 2023 10:10:17.857 [6900:4080:0803/101017.856:ERROR:page_load_metrics_update_dispatcher.cc(178)] Invalid first_paint 0.255 s for first_image_paint 0.24 s
8월 03, 2023 10:10:23.334 [6900:4080:0803/101023.333:ERROR:page_load_metrics_update_dispatcher.cc(178)] Invalid first_paint 0.255 s for first_image_paint 0.24 s
8월 03, 2023 10:10:29.230 [6900:4080:0803/101029.229:ERROR:page_load_metrics_update_dispatcher.cc(178)] Invalid first_paint 0.255 s for first_image_paint 0.24 s
8월 03, 2023 10:10:34.891 [6900:4080:0803/101034.891:ERROR:page_load_metrics_update_dispatcher.cc(178)] Invalid first_paint 0.255 s for first_image_paint 0.24 s
8월 03, 2023 10:10:40.825 [6900:4080:0803/101040.823:ERROR:page_load_metrics_update_dispatcher.cc(178)] Invalid first_paint 0.255 s for first_image_paint 0.24 s
8월 03, 2023 10:10:46.648 [6900:4080:0803/101046.646:ERROR:page_load_metrics_update_dispatcher.cc(178)] Invalid first_paint 0.255 s for first_image_paint 0.24 s
8월 03, 2023 10:10:52.260 [6900:4080:0803/101052.258:ERROR:page_load_metrics_update_dispatcher.cc(178)] Invalid first_paint 0.255 s for first_image_paint 0.24 s
8월 03, 2023 10:10:58.113 [6900:4080:0803/101058.112:ERROR:page_load_metrics_update_dispatcher.cc(178)] Invalid first_paint 0.255 s for first_image_paint 0.24 s
8월 03, 2023 10:11:03.768 [6900:4080:0803/101103.767:ERROR:page_load_metrics_update_dispatcher.cc(178)] Invalid first_paint 0.255 s for first_image_paint 0.24 s
8월 03, 2023 10:11:09.579 [6900:4080:0803/101109.578:ERROR:page_load_metrics_update_dispatcher.cc(178)] Invalid first_paint 0.255 s for first_image_paint 0.24 s
8월 03, 2023 10:11:15.49 [6900:4080:0803/101115.048:ERROR:page_load_metrics_update_dispatcher.cc(178)] Invalid first_paint 0.255 s for first_image_paint 0.24 s
8월 03, 2023 10:11:20.787 [6900:4080:0803/101120.786:ERROR:page_load_metrics_update_dispatcher.cc(178)] Invalid first_paint 0.255 s for first_image_paint 0.24 s
8월 03, 2023 10:11:26.652 [6900:4080:0803/101126.650:ERROR:page_load_metrics_update_dispatcher.cc(178)] Invalid first_paint 0.255 s for first_image_paint 0.24 s
8월 03, 2023 10:11:32.254 [6900:4080:0803/101132.252:ERROR:page_load_metrics_update_dispatcher.cc(178)] Invalid first_paint 0.255 s for first_image_paint 0.24 s
8월 03, 2023 10:11:38.75 [6900:4080:0803/101138.074:ERROR:page_load_metrics_update_dispatcher.cc(178)] Invalid first_paint 0.255 s for first_image_paint 0.24 s
8월 03, 2023 10:11:48.114 [6900:4080:0803/101148.114:ERROR:page_load_metrics_update_dispatcher.cc(178)] Invalid first_paint 0.255 s for first_image_paint 0.24 s
8월 03, 2023 10:12:09.920 [6900:4080:0803/101209.920:ERROR:page_load_metrics_update_dispatcher.cc(178)] Invalid first_paint 0.255 s for first_image_paint 0.24 s
8월 03, 2023 10:12:32.792 [6900:4080:0803/101232.792:ERROR:page_load_metrics_update_dispatcher.cc(178)] Invalid first_paint 0.255 s for first_image_paint 0.24 s
8월 03, 2023 10:12:49.593 [6900:4080:0803/101249.590:ERROR:page_load_metrics_update_dispatcher.cc(178)] Invalid first_paint 0.255 s for first_image_paint 0.24 s
8월 03, 2023 10:12:55.141 [6900:4080:0803/101255.140:ERROR:page_load_metrics_update_dispatcher.cc(178)] Invalid first_paint 0.255 s for first_image_paint 0.24 s
8월 03, 2023 10:13:00.909 [6900:4080:0803/101300.907:ERROR:page_load_metrics_update_dispatcher.cc(178)] Invalid first_paint 0.255 s for first_image_paint 0.24 s
8월 03, 2023 10:13:06.523 [6900:4080:0803/101306.522:ERROR:page_load_metrics_update_dispatcher.cc(178)] Invalid first_paint 0.255 s for first_image_paint 0.24 s
8월 03, 2023 10:13:12.339 [6900:4080:0803/101312.338:ERROR:page_load_metrics_update_dispatcher.cc(178)] Invalid first_paint 0.255 s for first_image_paint 0.24 s
8월 03, 2023 10:13:17.883 [6900:4080:0803/101317.882:ERROR:page_load_metrics_update_dispatcher.cc(178)] Invalid first_paint 0.255 s for first_image_paint 0.24 s
8월 03, 2023 10:13:23.632 [6900:4080:0803/101323.631:ERROR:page_load_metrics_update_dispatcher.cc(178)] Invalid first_paint 0.255 s for first_image_paint 0.24 s
8월 03, 2023 10:13:29.488 [6900:4080:0803/101329.487:ERROR:page_load_metrics_update_dispatcher.cc(178)] Invalid first_paint 0.255 s for first_image_paint 0.24 s
8월 03, 2023 10:13:35.98 [6900:4080:0803/101335.097:ERROR:page_load_metrics_update_dispatcher.cc(178)] Invalid first_paint 0.255 s for first_image_paint 0.24 s
8월 03, 2023 10:13:40.963 [6900:4080:0803/101340.961:ERROR:page_load_metrics_update_dispatcher.cc(178)] Invalid first_paint 0.255 s for first_image_paint 0.24 s
8월 03, 2023 10:13:46.793 [6900:4080:0803/101346.792:ERROR:page_load_metrics_update_dispatcher.cc(178)] Invalid first_paint 0.255 s for first_image_paint 0.24 s
8월 03, 2023 10:13:52.649 [6900:4080:0803/101352.648:ERROR:page_load_metrics_update_dispatcher.cc(178)] Invalid first_paint 0.255 s for first_image_paint 0.24 s
8월 03, 2023 10:13:58.320 [6900:4080:0803/101358.318:ERROR:page_load_metrics_update_dispatcher.cc(178)] Invalid first_paint 0.255 s for first_image_paint 0.24 s
8월 03, 2023 10:14:04.264 [6900:4080:0803/101404.263:ERROR:page_load_metrics_update_dispatcher.cc(178)] Invalid first_paint 0.255 s for first_image_paint 0.24 s
8월 03, 2023 10:14:10.139 [6900:4080:0803/101410.138:ERROR:page_load_metrics_update_dispatcher.cc(178)] Invalid first_paint 0.255 s for first_image_paint 0.24 s
8월 03, 2023 10:14:15.740 [6900:4080:0803/101415.739:ERROR:page_load_metrics_update_dispatcher.cc(178)] Invalid first_paint 0.255 s for first_image_paint 0.24 s
8월 03, 2023 10:14:21.534 [6900:4080:0803/101421.532:ERROR:page_load_metrics_update_dispatcher.cc(178)] Invalid first_paint 0.255 s for first_image_paint 0.24 s
8월 03, 2023 10:14:27.151 [6900:4080:0803/101427.149:ERROR:page_load_metrics_update_dispatcher.cc(178)] Invalid first_paint 0.255 s for first_image_paint 0.24 s
8월 03, 2023 10:14:32.880 [6900:4080:0803/101432.879:ERROR:page_load_metrics_update_dispatcher.cc(178)] Invalid first_paint 0.255 s for first_image_paint 0.24 s
8월 03, 2023 10:14:38.420 [6900:4080:0803/101438.420:ERROR:page_load_metrics_update_dispatcher.cc(178)] Invalid first_paint 0.255 s for first_image_paint 0.24 s
8월 03, 2023 10:14:44.223 [6900:4080:0803/101444.222:ERROR:page_load_metrics_update_dispatcher.cc(178)] Invalid first_paint 0.255 s for first_image_paint 0.24 s
8월 03, 2023 10:14:49.829 [6900:4080:0803/101449.828:ERROR:page_load_metrics_update_dispatcher.cc(178)] Invalid first_paint 0.255 s for first_image_paint 0.24 s
8월 03, 2023 10:14:55.628 [6900:4080:0803/101455.627:ERROR:page_load_metrics_update_dispatcher.cc(178)] Invalid first_paint 0.255 s for first_image_paint 0.24 s
8월 03, 2023 10:15:01.549 [6900:4080:0803/101501.547:ERROR:page_load_metrics_update_dispatcher.cc(178)] Invalid first_paint 0.255 s for first_image_paint 0.24 s
8월 03, 2023 10:15:07.95 [6900:4080:0803/101507.094:ERROR:page_load_metrics_update_dispatcher.cc(178)] Invalid first_paint 0.255 s for first_image_paint 0.24 s
8월 03, 2023 10:15:12.922 [6900:4080:0803/101512.921:ERROR:page_load_metrics_update_dispatcher.cc(178)] Invalid first_paint 0.255 s for first_image_paint 0.24 s
8월 03, 2023 10:15:18.543 [6900:4080:0803/101518.542:ERROR:page_load_metrics_update_dispatcher.cc(178)] Invalid first_paint 0.255 s for first_image_paint 0.24 s
8월 03, 2023 10:15:24.463 [6900:4080:0803/101524.462:ERROR:page_load_metrics_update_dispatcher.cc(178)] Invalid first_paint 0.255 s for first_image_paint 0.24 s
8월 03, 2023 10:15:30.27 [6900:4080:0803/101530.026:ERROR:page_load_metrics_update_dispatcher.cc(178)] Invalid first_paint 0.255 s for first_image_paint 0.24 s
8월 03, 2023 10:15:35.699 [6900:4080:0803/101535.698:ERROR:page_load_metrics_update_dispatcher.cc(178)] Invalid first_paint 0.255 s for first_image_paint 0.24 s
8월 03, 2023 10:15:41.310 [6900:4080:0803/101541.310:ERROR:page_load_metrics_update_dispatcher.cc(178)] Invalid first_paint 0.255 s for first_image_paint 0.24 s
8월 03, 2023 10:15:47.228 [6900:4080:0803/101547.227:ERROR:page_load_metrics_update_dispatcher.cc(178)] Invalid first_paint 0.255 s for first_image_paint 0.24 s
8월 03, 2023 10:15:53.39 [6900:4080:0803/101553.038:ERROR:page_load_metrics_update_dispatcher.cc(178)] Invalid first_paint 0.255 s for first_image_paint 0.24 s
8월 03, 2023 10:15:58.577 [6900:4080:0803/101558.576:ERROR:page_load_metrics_update_dispatcher.cc(178)] Invalid first_paint 0.255 s for first_image_paint 0.24 s
8월 03, 2023 10:16:04.348 [6900:4080:0803/101604.347:ERROR:page_load_metrics_update_dispatcher.cc(178)] Invalid first_paint 0.255 s for first_image_paint 0.24 s
8월 03, 2023 10:16:09.895 [6900:4080:0803/101609.894:ERROR:page_load_metrics_update_dispatcher.cc(178)] Invalid first_paint 0.255 s for first_image_paint 0.24 s
8월 03, 2023 10:16:15.626 [6900:4080:0803/101615.625:ERROR:page_load_metrics_update_dispatcher.cc(178)] Invalid first_paint 0.255 s for first_image_paint 0.24 s
8월 03, 2023 10:16:21.166 [6900:4080:0803/101621.164:ERROR:page_load_metrics_update_dispatcher.cc(178)] Invalid first_paint 0.255 s for first_image_paint 0.24 s
8월 03, 2023 10:16:26.898 [6900:4080:0803/101626.896:ERROR:page_load_metrics_update_dispatcher.cc(178)] Invalid first_paint 0.255 s for first_image_paint 0.24 s
8월 03, 2023 10:16:32.692 [6900:4080:0803/101632.691:ERROR:page_load_metrics_update_dispatcher.cc(178)] Invalid first_paint 0.255 s for first_image_paint 0.24 s
8월 03, 2023 10:16:38.294 [6900:4080:0803/101638.293:ERROR:page_load_metrics_update_dispatcher.cc(178)] Invalid first_paint 0.255 s for first_image_paint 0.24 s
8월 03, 2023 10:16:44.189 [6900:4080:0803/101644.187:ERROR:page_load_metrics_update_dispatcher.cc(178)] Invalid first_paint 0.255 s for first_image_paint 0.24 s
8월 03, 2023 10:16:49.748 [6900:4080:0803/101649.746:ERROR:page_load_metrics_update_dispatcher.cc(178)] Invalid first_paint 0.255 s for first_image_paint 0.24 s
8월 03, 2023 10:16:55.606 [6900:4080:0803/101655.604:ERROR:page_load_metrics_update_dispatcher.cc(178)] Invalid first_paint 0.255 s for first_image_paint 0.24 s
8월 03, 2023 10:17:01.402 [6900:4080:0803/101701.401:ERROR:page_load_metrics_update_dispatcher.cc(178)] Invalid first_paint 0.255 s for first_image_paint 0.24 s
8월 03, 2023 10:17:07.208 [6900:4080:0803/101707.207:ERROR:page_load_metrics_update_dispatcher.cc(178)] Invalid first_paint 0.255 s for first_image_paint 0.24 s
8월 03, 2023 10:17:12.752 [6900:4080:0803/101712.751:ERROR:page_load_metrics_update_dispatcher.cc(178)] Invalid first_paint 0.255 s for first_image_paint 0.24 s
8월 03, 2023 10:17:18.666 [6900:4080:0803/101718.663:ERROR:page_load_metrics_update_dispatcher.cc(178)] Invalid first_paint 0.255 s for first_image_paint 0.24 s
8월 03, 2023 10:17:24.464 [6900:4080:0803/101724.463:ERROR:page_load_metrics_update_dispatcher.cc(178)] Invalid first_paint 0.255 s for first_image_paint 0.24 s
8월 03, 2023 10:17:30.69 [6900:4080:0803/101730.067:ERROR:page_load_metrics_update_dispatcher.cc(178)] Invalid first_paint 0.255 s for first_image_paint 0.24 s
8월 03, 2023 10:17:35.819 [6900:4080:0803/101735.818:ERROR:page_load_metrics_update_dispatcher.cc(178)] Invalid first_paint 0.255 s for first_image_paint 0.24 s
8월 03, 2023 10:17:41.447 [6900:4080:0803/101741.445:ERROR:page_load_metrics_update_dispatcher.cc(178)] Invalid first_paint 0.255 s for first_image_paint 0.24 s
8월 03, 2023 10:17:47.340 [6900:4080:0803/101747.338:ERROR:page_load_metrics_update_dispatcher.cc(178)] Invalid first_paint 0.255 s for first_image_paint 0.24 s
8월 03, 2023 10:17:53.09 [6900:4080:0803/101753.008:ERROR:page_load_metrics_update_dispatcher.cc(178)] Invalid first_paint 0.255 s for first_image_paint 0.24 s
8월 03, 2023 10:17:58.812 [6900:4080:0803/101758.811:ERROR:page_load_metrics_update_dispatcher.cc(178)] Invalid first_paint 0.255 s for first_image_paint 0.24 s
8월 03, 2023 10:18:04.569 [6900:4080:0803/101804.567:ERROR:page_load_metrics_update_dispatcher.cc(178)] Invalid first_paint 0.255 s for first_image_paint 0.24 s
8월 03, 2023 10:18:05.468 [6900:4080:0803/101805.467:ERROR:page_load_metrics_update_dispatcher.cc(178)] Invalid first_paint 0.255 s for first_image_paint 0.24 s
8월 03, 2023 10:18:06.471 [6900:4080:0803/101806.470:ERROR:page_load_metrics_update_dispatcher.cc(178)] Invalid first_paint 0.255 s for first_image_paint 0.24 s
8월 03, 2023 10:18:06.587 [6900:4080:0803/101806.585:ERROR:page_load_metrics_update_dispatcher.cc(178)] Invalid first_paint 0.255 s for first_image_paint 0.24 s
8월 03, 2023 10:18:10.509 [6900:4080:0803/101810.508:ERROR:page_load_metrics_update_dispatcher.cc(178)] Invalid first_paint 0.255 s for first_image_paint 0.24 s
8월 03, 2023 10:18:16.199 [6900:4080:0803/101816.197:ERROR:page_load_metrics_update_dispatcher.cc(178)] Invalid first_paint 0.255 s for first_image_paint 0.24 s
8월 03, 2023 10:18:21.682 [6900:4080:0803/101821.679:ERROR:page_load_metrics_update_dispatcher.cc(178)] Invalid first_paint 0.255 s for first_image_paint 0.24 s
8월 03, 2023 10:18:27.475 [6900:4080:0803/101827.474:ERROR:page_load_metrics_update_dispatcher.cc(178)] Invalid first_paint 0.255 s for first_image_paint 0.24 s
8월 03, 2023 10:18:33.110 [6900:4080:0803/101833.109:ERROR:page_load_metrics_update_dispatcher.cc(178)] Invalid first_paint 0.255 s for first_image_paint 0.24 s
8월 03, 2023 10:18:38.857 [6900:4080:0803/101838.856:ERROR:page_load_metrics_update_dispatcher.cc(178)] Invalid first_paint 0.255 s for first_image_paint 0.24 s
8월 03, 2023 10:18:44.580 [6900:4080:0803/101844.578:ERROR:page_load_metrics_update_dispatcher.cc(178)] Invalid first_paint 0.255 s for first_image_paint 0.24 s
8월 03, 2023 10:18:50.386 [6900:4080:0803/101850.384:ERROR:page_load_metrics_update_dispatcher.cc(178)] Invalid first_paint 0.255 s for first_image_paint 0.24 s
8월 03, 2023 10:18:56.72 [6900:4080:0803/101856.071:ERROR:page_load_metrics_update_dispatcher.cc(178)] Invalid first_paint 0.255 s for first_image_paint 0.24 s
8월 03, 2023 10:19:01.768 [6900:4080:0803/101901.767:ERROR:page_load_metrics_update_dispatcher.cc(178)] Invalid first_paint 0.255 s for first_image_paint 0.24 s
8월 03, 2023 10:19:07.636 [6900:4080:0803/101907.635:ERROR:page_load_metrics_update_dispatcher.cc(178)] Invalid first_paint 0.255 s for first_image_paint 0.24 s
8월 03, 2023 10:19:13.322 [6900:4080:0803/101913.320:ERROR:page_load_metrics_update_dispatcher.cc(178)] Invalid first_paint 0.255 s for first_image_paint 0.24 s
8월 03, 2023 10:19:19.75 [6900:4080:0803/101919.074:ERROR:page_load_metrics_update_dispatcher.cc(178)] Invalid first_paint 0.255 s for first_image_paint 0.24 s
8월 03, 2023 10:19:24.818 [6900:4080:0803/101924.816:ERROR:page_load_metrics_update_dispatcher.cc(178)] Invalid first_paint 0.255 s for first_image_paint 0.24 s
8월 03, 2023 10:19:30.769 [6900:4080:0803/101930.768:ERROR:page_load_metrics_update_dispatcher.cc(178)] Invalid first_paint 0.255 s for first_image_paint 0.24 s
8월 03, 2023 10:19:36.628 [6900:4080:0803/101936.627:ERROR:page_load_metrics_update_dispatcher.cc(178)] Invalid first_paint 0.255 s for first_image_paint 0.24 s
8월 03, 2023 10:19:42.166 [6900:4080:0803/101942.165:ERROR:page_load_metrics_update_dispatcher.cc(178)] Invalid first_paint 0.255 s for first_image_paint 0.24 s
8월 03, 2023 10:19:48.88 [6900:4080:0803/101948.086:ERROR:page_load_metrics_update_dispatcher.cc(178)] Invalid first_paint 0.255 s for first_image_paint 0.24 s
8월 03, 2023 10:19:53.686 [6900:4080:0803/101953.684:ERROR:page_load_metrics_update_dispatcher.cc(178)] Invalid first_paint 0.255 s for first_image_paint 0.24 s
8월 03, 2023 10:19:59.540 [6900:4080:0803/101959.539:ERROR:page_load_metrics_update_dispatcher.cc(178)] Invalid first_paint 0.255 s for first_image_paint 0.24 s
8월 03, 2023 10:20:05.153 [6900:4080:0803/102005.152:ERROR:page_load_metrics_update_dispatcher.cc(178)] Invalid first_paint 0.255 s for first_image_paint 0.24 s
8월 03, 2023 10:20:11.24 [6900:4080:0803/102011.023:ERROR:page_load_metrics_update_dispatcher.cc(178)] Invalid first_paint 0.255 s for first_image_paint 0.24 s
8월 03, 2023 10:20:16.626 [6900:4080:0803/102016.625:ERROR:page_load_metrics_update_dispatcher.cc(178)] Invalid first_paint 0.255 s for first_image_paint 0.24 s
8월 03, 2023 10:20:22.549 [6900:4080:0803/102022.548:ERROR:page_load_metrics_update_dispatcher.cc(178)] Invalid first_paint 0.255 s for first_image_paint 0.24 s
8월 03, 2023 10:20:28.290 [6900:4080:0803/102028.289:ERROR:page_load_metrics_update_dispatcher.cc(178)] Invalid first_paint 0.255 s for first_image_paint 0.24 s
8월 03, 2023 10:20:33.912 [6900:4080:0803/102033.911:ERROR:page_load_metrics_update_dispatcher.cc(178)] Invalid first_paint 0.255 s for first_image_paint 0.24 s
8월 03, 2023 10:20:39.723 [6900:4080:0803/102039.721:ERROR:page_load_metrics_update_dispatcher.cc(178)] Invalid first_paint 0.255 s for first_image_paint 0.24 s
8월 03, 2023 10:20:45.334 [6900:4080:0803/102045.333:ERROR:page_load_metrics_update_dispatcher.cc(178)] Invalid first_paint 0.255 s for first_image_paint 0.24 s
8월 03, 2023 10:20:51.72 [6900:4080:0803/102051.071:ERROR:page_load_metrics_update_dispatcher.cc(178)] Invalid first_paint 0.255 s for first_image_paint 0.24 s
8월 03, 2023 10:20:56.569 [6900:4080:0803/102056.568:ERROR:page_load_metrics_update_dispatcher.cc(178)] Invalid first_paint 0.255 s for first_image_paint 0.24 s
8월 03, 2023 10:21:02.306 [6900:4080:0803/102102.305:ERROR:page_load_metrics_update_dispatcher.cc(178)] Invalid first_paint 0.255 s for first_image_paint 0.24 s
8월 03, 2023 10:21:08.231 [6900:4080:0803/102108.230:ERROR:page_load_metrics_update_dispatcher.cc(178)] Invalid first_paint 0.255 s for first_image_paint 0.24 s
8월 03, 2023 10:21:13.837 [6900:4080:0803/102113.836:ERROR:page_load_metrics_update_dispatcher.cc(178)] Invalid first_paint 0.255 s for first_image_paint 0.24 s
8월 03, 2023 10:21:19.567 [6900:4080:0803/102119.565:ERROR:page_load_metrics_update_dispatcher.cc(178)] Invalid first_paint 0.255 s for first_image_paint 0.24 s
8월 03, 2023 10:21:25.127 [6900:4080:0803/102125.125:ERROR:page_load_metrics_update_dispatcher.cc(178)] Invalid first_paint 0.255 s for first_image_paint 0.24 s
8월 03, 2023 10:21:30.930 [6900:4080:0803/102130.929:ERROR:page_load_metrics_update_dispatcher.cc(178)] Invalid first_paint 0.255 s for first_image_paint 0.24 s
8월 03, 2023 10:21:36.408 [6900:4080:0803/102136.407:ERROR:page_load_metrics_update_dispatcher.cc(178)] Invalid first_paint 0.255 s for first_image_paint 0.24 s
8월 03, 2023 10:21:42.213 [6900:4080:0803/102142.212:ERROR:page_load_metrics_update_dispatcher.cc(178)] Invalid first_paint 0.255 s for first_image_paint 0.24 s
8월 03, 2023 10:21:47.812 [6900:4080:0803/102147.811:ERROR:page_load_metrics_update_dispatcher.cc(178)] Invalid first_paint 0.255 s for first_image_paint 0.24 s
8월 03, 2023 10:21:53.608 [6900:4080:0803/102153.606:ERROR:page_load_metrics_update_dispatcher.cc(178)] Invalid first_paint 0.255 s for first_image_paint 0.24 s
8월 03, 2023 10:21:59.476 [6900:4080:0803/102159.474:ERROR:page_load_metrics_update_dispatcher.cc(178)] Invalid first_paint 0.255 s for first_image_paint 0.24 s
8월 03, 2023 10:22:04.922 [6900:4080:0803/102204.921:ERROR:page_load_metrics_update_dispatcher.cc(178)] Invalid first_paint 0.255 s for first_image_paint 0.24 s
8월 03, 2023 10:22:11.183 [6900:4080:0803/102211.182:ERROR:page_load_metrics_update_dispatcher.cc(178)] Invalid first_paint 0.255 s for first_image_paint 0.24 s
8월 03, 2023 10:22:17.505 [6900:4080:0803/102217.504:ERROR:page_load_metrics_update_dispatcher.cc(178)] Invalid first_paint 0.255 s for first_image_paint 0.24 s
8월 03, 2023 10:22:23.331 [6900:4080:0803/102223.330:ERROR:page_load_metrics_update_dispatcher.cc(178)] Invalid first_paint 0.255 s for first_image_paint 0.24 s
8월 03, 2023 10:22:28.892 [6900:4080:0803/102228.891:ERROR:page_load_metrics_update_dispatcher.cc(178)] Invalid first_paint 0.255 s for first_image_paint 0.24 s
8월 03, 2023 10:22:34.769 [6900:4080:0803/102234.767:ERROR:page_load_metrics_update_dispatcher.cc(178)] Invalid first_paint 0.255 s for first_image_paint 0.24 s
8월 03, 2023 10:22:40.607 [6900:4080:0803/102240.605:ERROR:page_load_metrics_update_dispatcher.cc(178)] Invalid first_paint 0.255 s for first_image_paint 0.24 s
8월 03, 2023 10:22:46.169 [6900:4080:0803/102246.167:ERROR:page_load_metrics_update_dispatcher.cc(178)] Invalid first_paint 0.255 s for first_image_paint 0.24 s
8월 03, 2023 10:22:51.965 [6900:4080:0803/102251.964:ERROR:page_load_metrics_update_dispatcher.cc(178)] Invalid first_paint 0.255 s for first_image_paint 0.24 s
8월 03, 2023 10:22:57.587 [6900:4080:0803/102257.586:ERROR:page_load_metrics_update_dispatcher.cc(178)] Invalid first_paint 0.255 s for first_image_paint 0.24 s
8월 03, 2023 10:23:03.405 [6900:4080:0803/102303.404:ERROR:page_load_metrics_update_dispatcher.cc(178)] Invalid first_paint 0.255 s for first_image_paint 0.24 s
8월 03, 2023 10:23:09.10 [6900:4080:0803/102309.009:ERROR:page_load_metrics_update_dispatcher.cc(178)] Invalid first_paint 0.255 s for first_image_paint 0.24 s
8월 03, 2023 10:23:15.95 [6900:4080:0803/102315.092:ERROR:page_load_metrics_update_dispatcher.cc(178)] Invalid first_paint 0.255 s for first_image_paint 0.24 s
8월 03, 2023 10:23:20.981 [6900:4080:0803/102320.980:ERROR:page_load_metrics_update_dispatcher.cc(178)] Invalid first_paint 0.255 s for first_image_paint 0.24 s
8월 03, 2023 10:23:26.603 [6900:4080:0803/102326.602:ERROR:page_load_metrics_update_dispatcher.cc(178)] Invalid first_paint 0.255 s for first_image_paint 0.24 s
8월 03, 2023 10:23:32.338 [6900:4080:0803/102332.336:ERROR:page_load_metrics_update_dispatcher.cc(178)] Invalid first_paint 0.255 s for first_image_paint 0.24 s
8월 03, 2023 10:23:37.884 [6900:4080:0803/102337.883:ERROR:page_load_metrics_update_dispatcher.cc(178)] Invalid first_paint 0.255 s for first_image_paint 0.24 s
8월 03, 2023 10:23:43.688 [6900:4080:0803/102343.687:ERROR:page_load_metrics_update_dispatcher.cc(178)] Invalid first_paint 0.255 s for first_image_paint 0.24 s
8월 03, 2023 10:23:49.482 [6900:4080:0803/102349.480:ERROR:page_load_metrics_update_dispatcher.cc(178)] Invalid first_paint 0.255 s for first_image_paint 0.24 s
8월 03, 2023 10:23:55.336 [6900:4080:0803/102355.335:ERROR:page_load_metrics_update_dispatcher.cc(178)] Invalid first_paint 0.255 s for first_image_paint 0.24 s
8월 03, 2023 10:24:00.890 [6900:4080:0803/102400.888:ERROR:page_load_metrics_update_dispatcher.cc(178)] Invalid first_paint 0.255 s for first_image_paint 0.24 s
8월 03, 2023 10:24:06.564 [6900:4080:0803/102406.563:ERROR:page_load_metrics_update_dispatcher.cc(178)] Invalid first_paint 0.255 s for first_image_paint 0.24 s
8월 03, 2023 10:24:12.236 [6900:4080:0803/102412.235:ERROR:page_load_metrics_update_dispatcher.cc(178)] Invalid first_paint 0.255 s for first_image_paint 0.24 s
8월 03, 2023 10:24:17.658 [6900:4080:0803/102417.657:ERROR:page_load_metrics_update_dispatcher.cc(178)] Invalid first_paint 0.255 s for first_image_paint 0.24 s
8월 03, 2023 10:24:23.398 [6900:4080:0803/102423.397:ERROR:page_load_metrics_update_dispatcher.cc(178)] Invalid first_paint 0.255 s for first_image_paint 0.24 s
8월 03, 2023 10:24:29.07 [6900:4080:0803/102429.006:ERROR:page_load_metrics_update_dispatcher.cc(178)] Invalid first_paint 0.255 s for first_image_paint 0.24 s
8월 03, 2023 10:24:34.806 [6900:4080:0803/102434.804:ERROR:page_load_metrics_update_dispatcher.cc(178)] Invalid first_paint 0.255 s for first_image_paint 0.24 s
8월 03, 2023 10:24:40.562 [6900:4080:0803/102440.560:ERROR:page_load_metrics_update_dispatcher.cc(178)] Invalid first_paint 0.255 s for first_image_paint 0.24 s
8월 03, 2023 10:24:46.485 [6900:4080:0803/102446.483:ERROR:page_load_metrics_update_dispatcher.cc(178)] Invalid first_paint 0.255 s for first_image_paint 0.24 s
8월 03, 2023 10:24:52.89 [6900:4080:0803/102452.088:ERROR:page_load_metrics_update_dispatcher.cc(178)] Invalid first_paint 0.255 s for first_image_paint 0.24 s
8월 03, 2023 10:24:57.842 [6900:4080:0803/102457.841:ERROR:page_load_metrics_update_dispatcher.cc(178)] Invalid first_paint 0.255 s for first_image_paint 0.24 s
8월 03, 2023 10:25:03.589 [6900:4080:0803/102503.588:ERROR:page_load_metrics_update_dispatcher.cc(178)] Invalid first_paint 0.255 s for first_image_paint 0.24 s
8월 03, 2023 10:25:09.662 [6900:4080:0803/102509.661:ERROR:page_load_metrics_update_dispatcher.cc(178)] Invalid first_paint 0.255 s for first_image_paint 0.24 s
8월 03, 2023 10:25:15.283 [6900:4080:0803/102515.282:ERROR:page_load_metrics_update_dispatcher.cc(178)] Invalid first_paint 0.255 s for first_image_paint 0.24 s
8월 03, 2023 10:25:20.889 [6900:4080:0803/102520.888:ERROR:page_load_metrics_update_dispatcher.cc(178)] Invalid first_paint 0.255 s for first_image_paint 0.24 s
8월 03, 2023 10:25:26.650 [6900:4080:0803/102526.649:ERROR:page_load_metrics_update_dispatcher.cc(178)] Invalid first_paint 0.255 s for first_image_paint 0.24 s
8월 03, 2023 10:25:32.200 [6900:4080:0803/102532.199:ERROR:page_load_metrics_update_dispatcher.cc(178)] Invalid first_paint 0.255 s for first_image_paint 0.24 s
8월 03, 2023 10:25:37.992 [6900:4080:0803/102537.990:ERROR:page_load_metrics_update_dispatcher.cc(178)] Invalid first_paint 0.255 s for first_image_paint 0.24 s
8월 03, 2023 10:25:43.726 [6900:4080:0803/102543.724:ERROR:page_load_metrics_update_dispatcher.cc(178)] Invalid first_paint 0.255 s for first_image_paint 0.24 s
8월 03, 2023 10:25:49.389 [6900:4080:0803/102549.388:ERROR:page_load_metrics_update_dispatcher.cc(178)] Invalid first_paint 0.255 s for first_image_paint 0.24 s
8월 03, 2023 10:25:54.950 [6900:4080:0803/102554.949:ERROR:page_load_metrics_update_dispatcher.cc(178)] Invalid first_paint 0.255 s for first_image_paint 0.24 s
8월 03, 2023 10:26:00.558 [6900:4080:0803/102600.557:ERROR:page_load_metrics_update_dispatcher.cc(178)] Invalid first_paint 0.255 s for first_image_paint 0.24 s
8월 03, 2023 10:26:06.353 [6900:4080:0803/102606.352:ERROR:page_load_metrics_update_dispatcher.cc(178)] Invalid first_paint 0.255 s for first_image_paint 0.24 s
8월 03, 2023 10:26:07.573 [6900:4080:0803/102607.572:ERROR:page_load_metrics_update_dispatcher.cc(178)] Invalid first_paint 0.255 s for first_image_paint 0.24 s
8월 03, 2023 10:26:07.686 [6900:4080:0803/102607.685:ERROR:page_load_metrics_update_dispatcher.cc(178)] Invalid first_paint 0.255 s for first_image_paint 0.24 s
8월 03, 2023 10:26:07.954 [6900:4080:0803/102607.953:ERROR:page_load_metrics_update_dispatcher.cc(178)] Invalid first_paint 0.255 s for first_image_paint 0.24 s
8월 03, 2023 10:26:08.70 [6900:4080:0803/102608.068:ERROR:page_load_metrics_update_dispatcher.cc(178)] Invalid first_paint 0.255 s for first_image_paint 0.24 s
8월 03, 2023 10:26:12.155 [6900:4080:0803/102612.154:ERROR:page_load_metrics_update_dispatcher.cc(178)] Invalid first_paint 0.255 s for first_image_paint 0.24 s
8월 03, 2023 10:26:17.969 [6900:4080:0803/102617.968:ERROR:page_load_metrics_update_dispatcher.cc(178)] Invalid first_paint 0.255 s for first_image_paint 0.24 s
8월 03, 2023 10:26:18.524 [6900:4080:0803/102618.524:ERROR:page_load_metrics_update_dispatcher.cc(178)] Invalid first_paint 0.255 s for first_image_paint 0.24 s
8월 03, 2023 10:26:18.640 [6900:4080:0803/102618.639:ERROR:page_load_metrics_update_dispatcher.cc(178)] Invalid first_paint 0.255 s for first_image_paint 0.24 s
8월 03, 2023 10:26:18.755 [6900:4080:0803/102618.755:ERROR:page_load_metrics_update_dispatcher.cc(178)] Invalid first_paint 0.255 s for first_image_paint 0.24 s
8월 03, 2023 10:26:18.871 [6900:4080:0803/102618.870:ERROR:page_load_metrics_update_dispatcher.cc(178)] Invalid first_paint 0.255 s for first_image_paint 0.24 s
8월 03, 2023 10:26:18.987 [6900:4080:0803/102618.987:ERROR:page_load_metrics_update_dispatcher.cc(178)] Invalid first_paint 0.255 s for first_image_paint 0.24 s
8월 03, 2023 10:26:19.106 [6900:4080:0803/102619.106:ERROR:page_load_metrics_update_dispatcher.cc(178)] Invalid first_paint 0.255 s for first_image_paint 0.24 s
8월 03, 2023 10:26:19.224 [6900:4080:0803/102619.223:ERROR:page_load_metrics_update_dispatcher.cc(178)] Invalid first_paint 0.255 s for first_image_paint 0.24 s
8월 03, 2023 10:26:19.339 [6900:4080:0803/102619.338:ERROR:page_load_metrics_update_dispatcher.cc(178)] Invalid first_paint 0.255 s for first_image_paint 0.24 s
8월 03, 2023 10:26:19.455 [6900:4080:0803/102619.454:ERROR:page_load_metrics_update_dispatcher.cc(178)] Invalid first_paint 0.255 s for first_image_paint 0.24 s
8월 03, 2023 10:26:23.231 [6900:4080:0803/102623.230:ERROR:page_load_metrics_update_dispatcher.cc(178)] Invalid first_paint 0.255 s for first_image_paint 0.24 s
8월 03, 2023 10:26:28.810 [6900:4080:0803/102628.809:ERROR:page_load_metrics_update_dispatcher.cc(178)] Invalid first_paint 0.255 s for first_image_paint 0.24 s
8월 03, 2023 10:26:34.19 [6900:4080:0803/102634.018:ERROR:page_load_metrics_update_dispatcher.cc(178)] Invalid first_paint 0.255 s for first_image_paint 0.24 s
8월 03, 2023 10:26:39.638 [6900:4080:0803/102639.637:ERROR:page_load_metrics_update_dispatcher.cc(178)] Invalid first_paint 0.255 s for first_image_paint 0.24 s
8월 03, 2023 10:26:45.373 [6900:4080:0803/102645.372:ERROR:page_load_metrics_update_dispatcher.cc(178)] Invalid first_paint 0.255 s for first_image_paint 0.24 s
8월 03, 2023 10:26:50.818 [6900:4080:0803/102650.816:ERROR:page_load_metrics_update_dispatcher.cc(178)] Invalid first_paint 0.255 s for first_image_paint 0.24 s
8월 03, 2023 10:26:56.482 [6900:4080:0803/102656.481:ERROR:page_load_metrics_update_dispatcher.cc(178)] Invalid first_paint 0.255 s for first_image_paint 0.24 s
8월 03, 2023 10:27:01.764 [6900:4080:0803/102701.763:ERROR:page_load_metrics_update_dispatcher.cc(178)] Invalid first_paint 0.255 s for first_image_paint 0.24 s
8월 03, 2023 10:27:07.434 [6900:4080:0803/102707.433:ERROR:page_load_metrics_update_dispatcher.cc(178)] Invalid first_paint 0.255 s for first_image_paint 0.24 s
8월 03, 2023 10:27:12.994 [6900:4080:0803/102712.993:ERROR:page_load_metrics_update_dispatcher.cc(178)] Invalid first_paint 0.255 s for first_image_paint 0.24 s
8월 03, 2023 10:27:18.875 [6900:4080:0803/102718.874:ERROR:page_load_metrics_update_dispatcher.cc(178)] Invalid first_paint 0.255 s for first_image_paint 0.24 s
8월 03, 2023 10:27:24.349 [6900:4080:0803/102724.348:ERROR:page_load_metrics_update_dispatcher.cc(178)] Invalid first_paint 0.255 s for first_image_paint 0.24 s
8월 03, 2023 10:27:30.139 [6900:4080:0803/102730.138:ERROR:page_load_metrics_update_dispatcher.cc(178)] Invalid first_paint 0.255 s for first_image_paint 0.24 s
8월 03, 2023 10:27:35.874 [6900:4080:0803/102735.873:ERROR:page_load_metrics_update_dispatcher.cc(178)] Invalid first_paint 0.255 s for first_image_paint 0.24 s
8월 03, 2023 10:27:41.386 [6900:4080:0803/102741.385:ERROR:page_load_metrics_update_dispatcher.cc(178)] Invalid first_paint 0.255 s for first_image_paint 0.24 s
8월 03, 2023 10:27:47.186 [6900:4080:0803/102747.186:ERROR:page_load_metrics_update_dispatcher.cc(178)] Invalid first_paint 0.255 s for first_image_paint 0.24 s
8월 03, 2023 10:27:52.750 [6900:4080:0803/102752.749:ERROR:page_load_metrics_update_dispatcher.cc(178)] Invalid first_paint 0.255 s for first_image_paint 0.24 s
8월 03, 2023 10:27:58.479 [6900:4080:0803/102758.478:ERROR:page_load_metrics_update_dispatcher.cc(178)] Invalid first_paint 0.255 s for first_image_paint 0.24 s
8월 03, 2023 10:27:59.105 [6900:4080:0803/102759.104:ERROR:page_load_metrics_update_dispatcher.cc(178)] Invalid first_paint 0.255 s for first_image_paint 0.24 s
8월 03, 2023 10:27:59.221 [6900:4080:0803/102759.220:ERROR:page_load_metrics_update_dispatcher.cc(178)] Invalid first_paint 0.255 s for first_image_paint 0.24 s
8월 03, 2023 10:28:35.305 [6900:4080:0803/102835.304:ERROR:page_load_metrics_update_dispatcher.cc(178)] Invalid first_paint 0.255 s for first_image_paint 0.24 s
8월 03, 2023 10:29:08.206 [6900:4080:0803/102908.205:ERROR:page_load_metrics_update_dispatcher.cc(178)] Invalid first_paint 0.255 s for first_image_paint 0.24 s
8월 03, 2023 10:29:08.321 [6900:4080:0803/102908.320:ERROR:page_load_metrics_update_dispatcher.cc(178)] Invalid first_paint 0.255 s for first_image_paint 0.24 s
8월 03, 2023 10:29:08.439 [6900:4080:0803/102908.438:ERROR:page_load_metrics_update_dispatcher.cc(178)] Invalid first_paint 0.255 s for first_image_paint 0.24 s
8월 03, 2023 10:29:08.705 [6900:4080:0803/102908.704:ERROR:page_load_metrics_update_dispatcher.cc(178)] Invalid first_paint 0.255 s for first_image_paint 0.24 s
8월 03, 2023 10:29:08.821 [6900:4080:0803/102908.820:ERROR:page_load_metrics_update_dispatcher.cc(178)] Invalid first_paint 0.255 s for first_image_paint 0.24 s
8월 03, 2023 10:29:09.701 [6900:4080:0803/102909.700:ERROR:page_load_metrics_update_dispatcher.cc(178)] Invalid first_paint 0.255 s for first_image_paint 0.24 s
8월 03, 2023 11:17:15.837 INFO: Created TensorFlow Lite XNNPACK delegate for CPU.

8월 07, 2023 08:57:24.371 NEW SESSION
8월 07, 2023 08:57:24.371 [12888:10100:0807/085724.369:ERROR:feature_processor_state.cc(39)] Processing error occured: model WebAppInstallationPromo failed with UkmEngineDisabled, message: 

8월 07, 2023 12:46:11.324 NEW SESSION
8월 07, 2023 12:46:11.325 [13212:1136:0807/124611.323:ERROR:feature_processor_state.cc(39)] Processing error occured: model WebAppInstallationPromo failed with UkmEngineDisabled, message: 
8월 07, 2023 14:44:27.74 [13212:1136:0807/144427.073:ERROR:interface_endpoint_client.cc(702)] Message 1 rejected by interface blink.mojom.WidgetHost
8월 07, 2023 14:44:27.74 [13212:1136:0807/144427.073:ERROR:interface_endpoint_client.cc(702)] Message 1 rejected by interface blink.mojom.WidgetHost
8월 07, 2023 14:44:27.74 [13212:1136:0807/144427.073:ERROR:interface_endpoint_client.cc(702)] Message 1 rejected by interface blink.mojom.WidgetHost
